Papaya/app/build/intermediates/manifest_merge_blame_file/debug/processDebugMainManifest/manifest-merger-blame-debug-report.txt
1<?xml version="1.0" encoding="utf-8"?>
2<manifest xmlns:android="http://schemas.android.com/apk/res/android"
3    package="ppy.app.papaya"
4    android:versionCode="1"
5    android:versionName="1.0" >
6
7    <uses-sdk
8        android:minSdkVersion="35"
9        android:targetSdkVersion="35" />
10
11    <!-- Include required permissions for Google Maps API to run. -->
12    <uses-permission android:name="android.permission.ACCESS_NETWORK_STATE" />
12-->[com.google.android.gms:play-services-maps:19.2.0] AndroidManifest.xml:20:5-78
12-->[com.google.android.gms:play-services-maps:19.2.0] AndroidManifest.xml:20:22-76
13    <uses-permission android:name="android.permission.INTERNET" />
13-->[com.google.android.gms:play-services-maps:19.2.0] AndroidManifest.xml:21:5-66
13-->[com.google.android.gms:play-services-maps:19.2.0] AndroidManifest.xml:21:22-64
14
15    <uses-feature
15-->[com.google.android.gms:play-services-maps:19.2.0] AndroidManifest.xml:22:5-24:33
16        android:glEsVersion="0x00020000"
16-->[com.google.android.gms:play-services-maps:19.2.0] AndroidManifest.xml:23:8-40
17        android:required="true" />
17-->[com.google.android.gms:play-services-maps:19.2.0] AndroidManifest.xml:24:8-31
18
19    <queries>
19-->[com.google.android.gms:play-services-maps:19.2.0] AndroidManifest.xml:27:5-30:15
20
21        <!-- Needs to be explicitly declared on Android R+ -->
22        <package android:name="com.google.android.apps.maps" />
22-->[com.google.android.gms:play-services-maps:19.2.0] AndroidManifest.xml:29:7-61
22-->[com.google.android.gms:play-services-maps:19.2.0] AndroidManifest.xml:29:16-59
23    </queries>
24
25    <uses-permission android:name="com.google.android.providers.gsf.permission.READ_GSERVICES" />
25-->[com.google.android.recaptcha:recaptcha:18.6.1] AndroidManifest.xml:9:5-98
25-->[com.google.android.recaptcha:recaptcha:18.6.1] AndroidManifest.xml:9:22-95
26
27    <permission
27-->[androidx.core:core:1.13.0] AndroidManifest.xml:22:5-24:47
28        android:name="ppy.app.papaya.DYNAMIC_RECEIVER_NOT_EXPORTED_PERMISSION"
28-->[androidx.core:core:1.13.0] AndroidManifest.xml:23:9-81
29        android:protectionLevel="signature" />
29-->[androidx.core:core:1.13.0] AndroidManifest.xml:24:9-44
30
31    <uses-permission android:name="ppy.app.papaya.DYNAMIC_RECEIVER_NOT_EXPORTED_PERMISSION" />
31-->[androidx.core:core:1.13.0] AndroidManifest.xml:26:5-97
31-->[androidx.core:core:1.13.0] AndroidManifest.xml:26:22-94
32
33    <application
33-->src\main\AndroidManifest.xml:5:5-62:19
34        android:allowBackup="true"
34-->src\main\AndroidManifest.xml:6:9-35
35        android:appComponentFactory="androidx.core.app.CoreComponentFactory"
35-->[androidx.core:core:1.13.0] AndroidManifest.xml:28:18-86
36        android:dataExtractionRules="@xml/data_extraction_rules"
36-->src\main\AndroidManifest.xml:7:9-65
37        android:debuggable="true"
38        android:extractNativeLibs="false"
39        android:fullBackupContent="@xml/backup_rules"
39-->src\main\AndroidManifest.xml:8:9-54
40        android:icon="@mipmap/ic_launcher"
40-->src\main\AndroidManifest.xml:9:9-43
41        android:label="@string/app_name"
41-->src\main\AndroidManifest.xml:10:9-41
42        android:roundIcon="@mipmap/ic_launcher_round"
42-->src\main\AndroidManifest.xml:11:9-54
43        android:supportsRtl="true"
43-->src\main\AndroidManifest.xml:12:9-35
44        android:testOnly="true"
45        android:theme="@style/Theme.Papaya" >
45-->src\main\AndroidManifest.xml:13:9-44
46        <activity
46-->src\main\AndroidManifest.xml:15:9-17:40
47            android:name="ppy.app.papaya.FavoriteBranch"
47-->src\main\AndroidManifest.xml:16:13-43
48            android:exported="false" />
48-->src\main\AndroidManifest.xml:17:13-37
49        <activity
49-->src\main\AndroidManifest.xml:18:9-20:40
50            android:name="ppy.app.papaya.CheckCart"
50-->src\main\AndroidManifest.xml:19:13-38
51            android:exported="false" />
51-->src\main\AndroidManifest.xml:20:13-37
52        <activity
52-->src\main\AndroidManifest.xml:21:9-23:40
53            android:name="ppy.app.papaya.ToastInfo"
53-->src\main\AndroidManifest.xml:22:13-38
54            android:exported="false" />
54-->src\main\AndroidManifest.xml:23:13-37
55        <activity
55-->src\main\AndroidManifest.xml:24:9-26:40
56            android:name="ppy.app.papaya.LoginProInfo"
56-->src\main\AndroidManifest.xml:25:13-41
57            android:exported="false" />
57-->src\main\AndroidManifest.xml:26:13-37
58        <activity
58-->src\main\AndroidManifest.xml:27:9-35:20
59            android:name="ppy.app.papaya.SplashActivity"
59-->src\main\AndroidManifest.xml:28:13-43
60            android:exported="true" >
60-->src\main\AndroidManifest.xml:29:13-36
61            <intent-filter>
61-->src\main\AndroidManifest.xml:30:13-34:29
62                <action android:name="android.intent.action.MAIN" />
62-->src\main\AndroidManifest.xml:31:17-69
62-->src\main\AndroidManifest.xml:31:25-66
63
64                <category android:name="android.intent.category.LAUNCHER" />
64-->src\main\AndroidManifest.xml:33:17-77
64-->src\main\AndroidManifest.xml:33:27-74
65            </intent-filter>
66        </activity>
67        <activity
67-->src\main\AndroidManifest.xml:36:9-38:40
68            android:name="ppy.app.papaya.CustomerService"
68-->src\main\AndroidManifest.xml:37:13-44
69            android:exported="false" />
69-->src\main\AndroidManifest.xml:38:13-37
70        <activity
70-->src\main\AndroidManifest.xml:39:9-41:40
71            android:name="ppy.app.papaya.DailySpin"
71-->src\main\AndroidManifest.xml:40:13-38
72            android:exported="false" />
72-->src\main\AndroidManifest.xml:41:13-37
73
74        <meta-data
74-->src\main\AndroidManifest.xml:43:9-45:71
75            android:name="com.google.android.geo.API_KEY"
75-->src\main\AndroidManifest.xml:44:13-58
76            android:value="AIzaSyDbXIcgrNpplICHpMYg2XfDPDuNeD6A1YY" />
76-->src\main\AndroidManifest.xml:45:13-68
77
78        <activity
78-->src\main\AndroidManifest.xml:47:9-49:40
79            android:name="ppy.app.papaya.Branch_info"
79-->src\main\AndroidManifest.xml:48:13-40
80            android:exported="false" />
80-->src\main\AndroidManifest.xml:49:13-37
81        <activity
81-->src\main\AndroidManifest.xml:50:9-52:40
82            android:name="ppy.app.papaya.Login"
82-->src\main\AndroidManifest.xml:51:13-34
83            android:exported="false" />
83-->src\main\AndroidManifest.xml:52:13-37
84        <activity
84-->src\main\AndroidManifest.xml:53:9-55:40
85            android:name="ppy.app.papaya.Register"
85-->src\main\AndroidManifest.xml:54:13-37
86            android:exported="false" />
86-->src\main\AndroidManifest.xml:55:13-37
87        <activity
87-->src\main\AndroidManifest.xml:56:9-58:40
88            android:name="ppy.app.papaya.LocationInfo"
88-->src\main\AndroidManifest.xml:57:13-41
89            android:exported="false" />
89-->src\main\AndroidManifest.xml:58:13-37
90        <activity
90-->src\main\AndroidManifest.xml:59:9-61:40
91            android:name="ppy.app.papaya.MainActivity"
91-->src\main\AndroidManifest.xml:60:13-41
92            android:exported="false" />
92-->src\main\AndroidManifest.xml:61:13-37
93        <!-- Needs to be explicitly declared on P+ -->
94        <uses-library
94-->[com.google.android.gms:play-services-maps:19.2.0] AndroidManifest.xml:33:7-86
95            android:name="org.apache.http.legacy"
95-->[com.google.android.gms:play-services-maps:19.2.0] AndroidManifest.xml:33:21-58
96            android:required="false" />
96-->[com.google.android.gms:play-services-maps:19.2.0] AndroidManifest.xml:33:59-83
97
98        <service
98-->[com.google.firebase:firebase-database:21.0.0] AndroidManifest.xml:26:9-35:19
99            android:name="com.google.firebase.components.ComponentDiscoveryService"
99-->[com.google.firebase:firebase-database:21.0.0] AndroidManifest.xml:27:13-84
100            android:directBootAware="true"
100-->[com.google.firebase:firebase-common:21.0.0] AndroidManifest.xml:32:13-43
101            android:exported="false" >
101-->[com.google.firebase:firebase-database:21.0.0] AndroidManifest.xml:28:13-37
102            <meta-data
102-->[com.google.firebase:firebase-database:21.0.0] AndroidManifest.xml:29:13-31:85
103                android:name="com.google.firebase.components:com.google.firebase.database.FirebaseDatabaseKtxRegistrar"
103-->[com.google.firebase:firebase-database:21.0.0] AndroidManifest.xml:30:17-120
104                android:value="com.google.firebase.components.ComponentRegistrar" />
104-->[com.google.firebase:firebase-database:21.0.0] AndroidManifest.xml:31:17-82
105            <meta-data
105-->[com.google.firebase:firebase-database:21.0.0] AndroidManifest.xml:32:13-34:85
106                android:name="com.google.firebase.components:com.google.firebase.database.DatabaseRegistrar"
106-->[com.google.firebase:firebase-database:21.0.0] AndroidManifest.xml:33:17-109
107                android:value="com.google.firebase.components.ComponentRegistrar" />
107-->[com.google.firebase:firebase-database:21.0.0] AndroidManifest.xml:34:17-82
108            <meta-data
108-->[com.google.firebase:firebase-auth:23.2.0] AndroidManifest.xml:69:13-71:85
109                android:name="com.google.firebase.components:com.google.firebase.auth.FirebaseAuthRegistrar"
109-->[com.google.firebase:firebase-auth:23.2.0] AndroidManifest.xml:70:17-109
110                android:value="com.google.firebase.components.ComponentRegistrar" />
110-->[com.google.firebase:firebase-auth:23.2.0] AndroidManifest.xml:71:17-82
111            <meta-data
111-->[com.google.firebase:firebase-firestore:25.1.4] AndroidManifest.xml:17:13-19:85
112                android:name="com.google.firebase.components:com.google.firebase.firestore.FirebaseFirestoreKtxRegistrar"
112-->[com.google.firebase:firebase-firestore:25.1.4] AndroidManifest.xml:18:17-122
113                android:value="com.google.firebase.components.ComponentRegistrar" />
113-->[com.google.firebase:firebase-firestore:25.1.4] AndroidManifest.xml:19:17-82
114            <meta-data
114-->[com.google.firebase:firebase-firestore:25.1.4] AndroidManifest.xml:20:13-22:85
115                android:name="com.google.firebase.components:com.google.firebase.firestore.FirestoreRegistrar"
115-->[com.google.firebase:firebase-firestore:25.1.4] AndroidManifest.xml:21:17-111
116                android:value="com.google.firebase.components.ComponentRegistrar" />
116-->[com.google.firebase:firebase-firestore:25.1.4] AndroidManifest.xml:22:17-82
117            <meta-data
117-->[com.google.firebase:firebase-storage:21.0.1] AndroidManifest.xml:30:13-32:85
118                android:name="com.google.firebase.components:com.google.firebase.storage.FirebaseStorageKtxRegistrar"
118-->[com.google.firebase:firebase-storage:21.0.1] AndroidManifest.xml:31:17-118
119                android:value="com.google.firebase.components.ComponentRegistrar" />
119-->[com.google.firebase:firebase-storage:21.0.1] AndroidManifest.xml:32:17-82
120            <meta-data
120-->[com.google.firebase:firebase-storage:21.0.1] AndroidManifest.xml:33:13-35:85
121                android:name="com.google.firebase.components:com.google.firebase.storage.StorageRegistrar"
121-->[com.google.firebase:firebase-storage:21.0.1] AndroidManifest.xml:34:17-107
122                android:value="com.google.firebase.components.ComponentRegistrar" />
122-->[com.google.firebase:firebase-storage:21.0.1] AndroidManifest.xml:35:17-82
123            <meta-data
123-->[com.google.firebase:firebase-appcheck:18.0.0] AndroidManifest.xml:25:13-27:85
124                android:name="com.google.firebase.components:com.google.firebase.appcheck.FirebaseAppCheckKtxRegistrar"
124-->[com.google.firebase:firebase-appcheck:18.0.0] AndroidManifest.xml:26:17-120
125                android:value="com.google.firebase.components.ComponentRegistrar" />
125-->[com.google.firebase:firebase-appcheck:18.0.0] AndroidManifest.xml:27:17-82
126            <meta-data
126-->[com.google.firebase:firebase-appcheck:18.0.0] AndroidManifest.xml:28:13-30:85
127                android:name="com.google.firebase.components:com.google.firebase.appcheck.FirebaseAppCheckRegistrar"
127-->[com.google.firebase:firebase-appcheck:18.0.0] AndroidManifest.xml:29:17-117
128                android:value="com.google.firebase.components.ComponentRegistrar" />
128-->[com.google.firebase:firebase-appcheck:18.0.0] AndroidManifest.xml:30:17-82
129            <meta-data
129-->[com.google.firebase:firebase-common-ktx:21.0.0] AndroidManifest.xml:12:13-14:85
130                android:name="com.google.firebase.components:com.google.firebase.ktx.FirebaseCommonLegacyRegistrar"
130-->[com.google.firebase:firebase-common-ktx:21.0.0] AndroidManifest.xml:13:17-116
131                android:value="com.google.firebase.components.ComponentRegistrar" />
131-->[com.google.firebase:firebase-common-ktx:21.0.0] AndroidManifest.xml:14:17-82
132            <meta-data
132-->[com.google.firebase:firebase-common:21.0.0] AndroidManifest.xml:35:13-37:85
133                android:name="com.google.firebase.components:com.google.firebase.FirebaseCommonKtxRegistrar"
133-->[com.google.firebase:firebase-common:21.0.0] AndroidManifest.xml:36:17-109
134                android:value="com.google.firebase.components.ComponentRegistrar" />
134-->[com.google.firebase:firebase-common:21.0.0] AndroidManifest.xml:37:17-82
135        </service>
136
137        <activity
137-->[com.google.firebase:firebase-auth:23.2.0] AndroidManifest.xml:29:9-46:20
138            android:name="com.google.firebase.auth.internal.GenericIdpActivity"
138-->[com.google.firebase:firebase-auth:23.2.0] AndroidManifest.xml:30:13-80
139            android:excludeFromRecents="true"
139-->[com.google.firebase:firebase-auth:23.2.0] AndroidManifest.xml:31:13-46
140            android:exported="true"
140-->[com.google.firebase:firebase-auth:23.2.0] AndroidManifest.xml:32:13-36
141            android:launchMode="singleTask"
141-->[com.google.firebase:firebase-auth:23.2.0] AndroidManifest.xml:33:13-44
142            android:theme="@android:style/Theme.Translucent.NoTitleBar" >
142-->[com.google.firebase:firebase-auth:23.2.0] AndroidManifest.xml:34:13-72
143            <intent-filter>
143-->[com.google.firebase:firebase-auth:23.2.0] AndroidManifest.xml:35:13-45:29
144                <action android:name="android.intent.action.VIEW" />
144-->[com.google.firebase:firebase-auth:23.2.0] AndroidManifest.xml:36:17-69
144-->[com.google.firebase:firebase-auth:23.2.0] AndroidManifest.xml:36:25-66
145
146                <category android:name="android.intent.category.DEFAULT" />
146-->[com.google.firebase:firebase-auth:23.2.0] AndroidManifest.xml:38:17-76
146-->[com.google.firebase:firebase-auth:23.2.0] AndroidManifest.xml:38:27-73
147                <category android:name="android.intent.category.BROWSABLE" />
147-->[com.google.firebase:firebase-auth:23.2.0] AndroidManifest.xml:39:17-78
147-->[com.google.firebase:firebase-auth:23.2.0] AndroidManifest.xml:39:27-75
148
149                <data
149-->[com.google.firebase:firebase-auth:23.2.0] AndroidManifest.xml:41:17-44:51
150                    android:host="firebase.auth"
150-->[com.google.firebase:firebase-auth:23.2.0] AndroidManifest.xml:42:21-49
151                    android:path="/"
151-->[com.google.firebase:firebase-auth:23.2.0] AndroidManifest.xml:43:21-37
152                    android:scheme="genericidp" />
152-->[com.google.firebase:firebase-auth:23.2.0] AndroidManifest.xml:44:21-48
153            </intent-filter>
154        </activity>
155        <activity
155-->[com.google.firebase:firebase-auth:23.2.0] AndroidManifest.xml:47:9-64:20
156            android:name="com.google.firebase.auth.internal.RecaptchaActivity"
156-->[com.google.firebase:firebase-auth:23.2.0] AndroidManifest.xml:48:13-79
157            android:excludeFromRecents="true"
157-->[com.google.firebase:firebase-auth:23.2.0] AndroidManifest.xml:49:13-46
158            android:exported="true"
158-->[com.google.firebase:firebase-auth:23.2.0] AndroidManifest.xml:50:13-36
159            android:launchMode="singleTask"
159-->[com.google.firebase:firebase-auth:23.2.0] AndroidManifest.xml:51:13-44
160            android:theme="@android:style/Theme.Translucent.NoTitleBar" >
160-->[com.google.firebase:firebase-auth:23.2.0] AndroidManifest.xml:52:13-72
161            <intent-filter>
161-->[com.google.firebase:firebase-auth:23.2.0] AndroidManifest.xml:53:13-63:29
162                <action android:name="android.intent.action.VIEW" />
162-->[com.google.firebase:firebase-auth:23.2.0] AndroidManifest.xml:36:17-69
162-->[com.google.firebase:firebase-auth:23.2.0] AndroidManifest.xml:36:25-66
163
164                <category android:name="android.intent.category.DEFAULT" />
164-->[com.google.firebase:firebase-auth:23.2.0] AndroidManifest.xml:38:17-76
164-->[com.google.firebase:firebase-auth:23.2.0] AndroidManifest.xml:38:27-73
165                <category android:name="android.intent.category.BROWSABLE" />
165-->[com.google.firebase:firebase-auth:23.2.0] AndroidManifest.xml:39:17-78
165-->[com.google.firebase:firebase-auth:23.2.0] AndroidManifest.xml:39:27-75
166
167                <data
167-->[com.google.firebase:firebase-auth:23.2.0] AndroidManifest.xml:41:17-44:51
168                    android:host="firebase.auth"
168-->[com.google.firebase:firebase-auth:23.2.0] AndroidManifest.xml:42:21-49
169                    android:path="/"
169-->[com.google.firebase:firebase-auth:23.2.0] AndroidManifest.xml:43:21-37
170                    android:scheme="recaptcha" />
170-->[com.google.firebase:firebase-auth:23.2.0] AndroidManifest.xml:44:21-48
171            </intent-filter>
172        </activity>
173
174        <service
174-->[androidx.credentials:credentials-play-services-auth:1.2.0-rc01] AndroidManifest.xml:24:9-32:19
175            android:name="androidx.credentials.playservices.CredentialProviderMetadataHolder"
175-->[androidx.credentials:credentials-play-services-auth:1.2.0-rc01] AndroidManifest.xml:25:13-94
176            android:enabled="true"
176-->[androidx.credentials:credentials-play-services-auth:1.2.0-rc01] AndroidManifest.xml:26:13-35
177            android:exported="false" >
177-->[androidx.credentials:credentials-play-services-auth:1.2.0-rc01] AndroidManifest.xml:27:13-37
178            <meta-data
178-->[androidx.credentials:credentials-play-services-auth:1.2.0-rc01] AndroidManifest.xml:29:13-31:104
179                android:name="androidx.credentials.CREDENTIAL_PROVIDER_KEY"
179-->[androidx.credentials:credentials-play-services-auth:1.2.0-rc01] AndroidManifest.xml:30:17-76
180                android:value="androidx.credentials.playservices.CredentialProviderPlayServicesImpl" />
180-->[androidx.credentials:credentials-play-services-auth:1.2.0-rc01] AndroidManifest.xml:31:17-101
181        </service>
182
183        <activity
183-->[androidx.credentials:credentials-play-services-auth:1.2.0-rc01] AndroidManifest.xml:34:9-41:20
184            android:name="androidx.credentials.playservices.HiddenActivity"
184-->[androidx.credentials:credentials-play-services-auth:1.2.0-rc01] AndroidManifest.xml:35:13-76
185            android:configChanges="orientation|screenSize|screenLayout|keyboardHidden"
185-->[androidx.credentials:credentials-play-services-auth:1.2.0-rc01] AndroidManifest.xml:36:13-87
186            android:enabled="true"
186-->[androidx.credentials:credentials-play-services-auth:1.2.0-rc01] AndroidManifest.xml:37:13-35
187            android:exported="false"
187-->[androidx.credentials:credentials-play-services-auth:1.2.0-rc01] AndroidManifest.xml:38:13-37
188            android:fitsSystemWindows="true"
188-->[androidx.credentials:credentials-play-services-auth:1.2.0-rc01] AndroidManifest.xml:39:13-45
189            android:theme="@style/Theme.Hidden" >
189-->[androidx.credentials:credentials-play-services-auth:1.2.0-rc01] AndroidManifest.xml:40:13-48
190        </activity>
191        <activity
191-->[com.google.android.gms:play-services-auth:20.7.0] AndroidManifest.xml:23:9-27:75
192            android:name="com.google.android.gms.auth.api.signin.internal.SignInHubActivity"
192-->[com.google.android.gms:play-services-auth:20.7.0] AndroidManifest.xml:24:13-93
193            android:excludeFromRecents="true"
193-->[com.google.android.gms:play-services-auth:20.7.0] AndroidManifest.xml:25:13-46
194            android:exported="false"
194-->[com.google.android.gms:play-services-auth:20.7.0] AndroidManifest.xml:26:13-37
195            android:theme="@android:style/Theme.Translucent.NoTitleBar" />
195-->[com.google.android.gms:play-services-auth:20.7.0] AndroidManifest.xml:27:13-72
196        <!--
197            Service handling Google Sign-In user revocation. For apps that do not integrate with
198            Google Sign-In, this service will never be started.
199        -->
200        <service
200-->[com.google.android.gms:play-services-auth:20.7.0] AndroidManifest.xml:33:9-37:51
201            android:name="com.google.android.gms.auth.api.signin.RevocationBoundService"
201-->[com.google.android.gms:play-services-auth:20.7.0] AndroidManifest.xml:34:13-89
202            android:exported="true"
202-->[com.google.android.gms:play-services-auth:20.7.0] AndroidManifest.xml:35:13-36
203            android:permission="com.google.android.gms.auth.api.signin.permission.REVOCATION_NOTIFICATION"
203-->[com.google.android.gms:play-services-auth:20.7.0] AndroidManifest.xml:36:13-107
204            android:visibleToInstantApps="true" />
204-->[com.google.android.gms:play-services-auth:20.7.0] AndroidManifest.xml:37:13-48
205
206        <activity
206-->[com.google.android.gms:play-services-base:18.5.0] AndroidManifest.xml:5:9-173
207            android:name="com.google.android.gms.common.api.GoogleApiActivity"
207-->[com.google.android.gms:play-services-base:18.5.0] AndroidManifest.xml:5:19-85
208            android:exported="false"
208-->[com.google.android.gms:play-services-base:18.5.0] AndroidManifest.xml:5:146-170
209            android:theme="@android:style/Theme.Translucent.NoTitleBar" />
209-->[com.google.android.gms:play-services-base:18.5.0] AndroidManifest.xml:5:86-145
210
211        <provider
211-->[com.google.firebase:firebase-common:21.0.0] AndroidManifest.xml:23:9-28:39
212            android:name="com.google.firebase.provider.FirebaseInitProvider"
212-->[com.google.firebase:firebase-common:21.0.0] AndroidManifest.xml:24:13-77
213            android:authorities="ppy.app.papaya.firebaseinitprovider"
213-->[com.google.firebase:firebase-common:21.0.0] AndroidManifest.xml:25:13-72
214            android:directBootAware="true"
214-->[com.google.firebase:firebase-common:21.0.0] AndroidManifest.xml:26:13-43
215            android:exported="false"
215-->[com.google.firebase:firebase-common:21.0.0] AndroidManifest.xml:27:13-37
216            android:initOrder="100" />
216-->[com.google.firebase:firebase-common:21.0.0] AndroidManifest.xml:28:13-36
217        <provider
217-->[androidx.emoji2:emoji2:1.2.0] AndroidManifest.xml:24:9-32:20
218            android:name="androidx.startup.InitializationProvider"
218-->[androidx.emoji2:emoji2:1.2.0] AndroidManifest.xml:25:13-67
219            android:authorities="ppy.app.papaya.androidx-startup"
219-->[androidx.emoji2:emoji2:1.2.0] AndroidManifest.xml:26:13-68
220            android:exported="false" >
220-->[androidx.emoji2:emoji2:1.2.0] AndroidManifest.xml:27:13-37
221            <meta-data
221-->[androidx.emoji2:emoji2:1.2.0] AndroidManifest.xml:29:13-31:52
222                android:name="androidx.emoji2.text.EmojiCompatInitializer"
222-->[androidx.emoji2:emoji2:1.2.0] AndroidManifest.xml:30:17-75
223                android:value="androidx.startup" />
223-->[androidx.emoji2:emoji2:1.2.0] AndroidManifest.xml:31:17-49
224            <meta-data
224-->[androidx.lifecycle:lifecycle-process:2.6.2] AndroidManifest.xml:29:13-31:52
225                android:name="androidx.lifecycle.ProcessLifecycleInitializer"
225-->[androidx.lifecycle:lifecycle-process:2.6.2] AndroidManifest.xml:30:17-78
226                android:value="androidx.startup" />
226-->[androidx.lifecycle:lifecycle-process:2.6.2] AndroidManifest.xml:31:17-49
227            <meta-data
227-->[androidx.profileinstaller:profileinstaller:1.4.0] AndroidManifest.xml:29:13-31:52
228                android:name="androidx.profileinstaller.ProfileInstallerInitializer"
228-->[androidx.profileinstaller:profileinstaller:1.4.0] AndroidManifest.xml:30:17-85
229                android:value="androidx.startup" />
229-->[androidx.profileinstaller:profileinstaller:1.4.0] AndroidManifest.xml:31:17-49
230        </provider>
231
232        <meta-data
232-->[com.google.android.gms:play-services-basement:18.4.0] AndroidManifest.xml:6:9-122
233            android:name="com.google.android.gms.version"
233-->[com.google.android.gms:play-services-basement:18.4.0] AndroidManifest.xml:6:20-65
234            android:value="@integer/google_play_services_version" />
234-->[com.google.android.gms:play-services-basement:18.4.0] AndroidManifest.xml:6:66-119
235
236        <receiver
236-->[androidx.profileinstaller:profileinstaller:1.4.0] AndroidManifest.xml:34:9-52:20
237            android:name="androidx.profileinstaller.ProfileInstallReceiver"
237-->[androidx.profileinstaller:profileinstaller:1.4.0] AndroidManifest.xml:35:13-76
238            android:directBootAware="false"
238-->[androidx.profileinstaller:profileinstaller:1.4.0] AndroidManifest.xml:36:13-44
239            android:enabled="true"
239-->[androidx.profileinstaller:profileinstaller:1.4.0] AndroidManifest.xml:37:13-35
240            android:exported="true"
240-->[androidx.profileinstaller:profileinstaller:1.4.0] AndroidManifest.xml:38:13-36
241            android:permission="android.permission.DUMP" >
241-->[androidx.profileinstaller:profileinstaller:1.4.0] AndroidManifest.xml:39:13-57
242            <intent-filter>
242-->[androidx.profileinstaller:profileinstaller:1.4.0] AndroidManifest.xml:40:13-42:29
243                <action android:name="androidx.profileinstaller.action.INSTALL_PROFILE" />
243-->[androidx.profileinstaller:profileinstaller:1.4.0] AndroidManifest.xml:41:17-91
243-->[androidx.profileinstaller:profileinstaller:1.4.0] AndroidManifest.xml:41:25-88
244            </intent-filter>
245            <intent-filter>
245-->[androidx.profileinstaller:profileinstaller:1.4.0] AndroidManifest.xml:43:13-45:29
246                <action android:name="androidx.profileinstaller.action.SKIP_FILE" />
246-->[androidx.profileinstaller:profileinstaller:1.4.0] AndroidManifest.xml:44:17-85
246-->[androidx.profileinstaller:profileinstaller:1.4.0] AndroidManifest.xml:44:25-82
247            </intent-filter>
248            <intent-filter>
248-->[androidx.profileinstaller:profileinstaller:1.4.0] AndroidManifest.xml:46:13-48:29
249                <action android:name="androidx.profileinstaller.action.SAVE_PROFILE" />
249-->[androidx.profileinstaller:profileinstaller:1.4.0] AndroidManifest.xml:47:17-88
249-->[androidx.profileinstaller:profileinstaller:1.4.0] AndroidManifest.xml:47:25-85
250            </intent-filter>
251            <intent-filter>
251-->[androidx.profileinstaller:profileinstaller:1.4.0] AndroidManifest.xml:49:13-51:29
252                <action android:name="androidx.profileinstaller.action.BENCHMARK_OPERATION" />
252-->[androidx.profileinstaller:profileinstaller:1.4.0] AndroidManifest.xml:50:17-95
252-->[androidx.profileinstaller:profileinstaller:1.4.0] AndroidManifest.xml:50:25-92
253            </intent-filter>
254        </receiver> <!-- The activities will be merged into the manifest of the hosting app. -->
255        <activity
255-->[com.google.android.play:core-common:2.0.3] AndroidManifest.xml:14:9-18:65
256            android:name="com.google.android.play.core.common.PlayCoreDialogWrapperActivity"
256-->[com.google.android.play:core-common:2.0.3] AndroidManifest.xml:15:13-93
257            android:exported="false"
257-->[com.google.android.play:core-common:2.0.3] AndroidManifest.xml:16:13-37
258            android:stateNotNeeded="true"
258-->[com.google.android.play:core-common:2.0.3] AndroidManifest.xml:17:13-42
259            android:theme="@style/Theme.PlayCore.Transparent" />
259-->[com.google.android.play:core-common:2.0.3] AndroidManifest.xml:18:13-62
260    </application>
261
262</manifest>